            --------------------------------------------------------
                             AMBER SQM VERSION 14
 
                                     By
              Ross C. Walker, Michael F. Crowley, Scott Brozell,
                         Tim Giese, Andreas W. Goetz,
                        Tai-Sung Lee and David A. Case
 
            --------------------------------------------------------
 

--------------------------------------------------------------------------------
  QM CALCULATION INFO
--------------------------------------------------------------------------------

| QMMM: Citation for AMBER QMMM Run:
| QMMM: R.C. Walker, M.F. Crowley and D.A. Case, J. COMP. CHEM. 29:1019, 2008

QMMM: SINGLET STATE CALCULATION
QMMM: RHF CALCULATION, NO. OF DOUBLY OCCUPIED LEVELS =100

| QMMM: *** Selected Hamiltonian *** 
| QMMM: AM1         

| QMMM: *** Parameter sets in use ***
| QMMM: N : M.J.S.DEWAR et al. JACS, 107, 3902, (1985)
| QMMM: C : M.J.S.DEWAR et al. JACS, 107, 3902, (1985)
| QMMM: O : M.J.S.DEWAR et al. JACS, 107, 3902, (1985)
| QMMM: F : M.J.S.DEWAR et al. THEOCHEM, 180, 1, (1988)
| QMMM: H : M.J.S.DEWAR et al. JACS, 107, 3902, (1985)

| QMMM: *** SCF convergence criteria ***
| QMMM: Energy change                :  0.1D-09 kcal/mol
| QMMM: Error matrix |FP-PF|         :  0.1D+00 au
| QMMM: Density matrix change        :  0.5D-06
| QMMM: Maximum number of SCF cycles :     1000

| QMMM: *** Diagonalization Routine Information ***
| QMMM: Pseudo diagonalizations are allowed.
| QMMM: Auto diagonalization routine selection is in use.
| QMMM:
| QMMM: Timing diagonalization routines:
| QMMM:                              norbs =      183
| QMMM:    diag iterations used for timing =        5
| QMMM:
| QMMM:              Internal diag routine = 0.061590 seconds
| QMMM:                 Dspev diag routine = 0.048927 seconds
| QMMM:                Dspevd diag routine = 0.036438 seconds
| QMMM:                Dspevx diag routine = 0.154239 seconds
| QMMM:                 Dsyev diag routine = 0.053331 seconds
| QMMM:                Dsyevd diag routine = 0.039910 seconds
| QMMM:                Dsyevr diag routine = 0.042383 seconds
| QMMM:
| QMMM:                Pseudo diag routine = 0.025650 seconds
| QMMM:
| QMMM: Using dspevd routine (diag_routine=3).

  QMMM: QM Region Cartesian Coordinates (*=link atom) 
  QMMM: QM_NO.   MM_NO.  ATOM         X         Y         Z
  QMMM:     1        1      N        2.9280   -0.9870    6.5170
  QMMM:     2        2      N       -1.1290   -3.2240   21.9190
  QMMM:     3        3      C        1.3100   -3.7980   10.0600
  QMMM:     4        4      C        0.5840   -4.4930   11.0730
  QMMM:     5        5      C       -0.1620   -5.6410   10.8280
  QMMM:     6        6      C       -0.8450   -6.2510   11.8660
  QMMM:     7        7      C       -0.7580   -5.7500   13.1510
  QMMM:     8        8      C        0.6510   -3.9710   12.3460
  QMMM:     9        9      C       -0.9380   -3.8660   16.9090
  QMMM:    10       10      C       -1.3280   -4.2080   19.2150
  QMMM:    11       11      C       -1.1570   -1.9670   18.3820
  QMMM:    12       12      C       -1.5710   -2.3360   20.8320
  QMMM:    13       13      C        0.3010   -3.0080   22.2200
  QMMM:    14       14      C        0.6500   -4.0100   23.2870
  QMMM:    15       15      C       -2.1180   -3.1550   23.0330
  QMMM:    16       16      C        5.3440   -1.4890    6.3130
  QMMM:    17       17      C        6.3430   -2.2080    6.8350
  QMMM:    18       18      C        5.9620   -3.0930    7.9470
  QMMM:    19       19      N        4.7760   -3.2550    8.4480
  QMMM:    20       20      N        3.8590   -2.4990    7.8560
  QMMM:    21       21      C        4.0460   -1.6050    6.8380
  QMMM:    22       22      C        1.9840   -1.5000    7.3660
  QMMM:    23       23      C        2.5460   -2.4440    8.1990
  QMMM:    24       24      C        1.9040   -3.2000    9.2090
  QMMM:    25       25      C       -0.0100   -4.6100   13.3690
  QMMM:    26       26      C       -0.2300   -6.2350    9.4570
  QMMM:    27       27      C        0.0990   -3.9680   14.6820
  QMMM:    28       28      O        0.9150   -3.0650   14.7990
  QMMM:    29       29      N       -0.7730   -4.4400   15.6350
  QMMM:    30       30      C       -1.1070   -4.7320   17.9640
  QMMM:    31       31      C       -1.3510   -2.8420   19.4390
  QMMM:    32       32      C       -0.9660   -2.4990   17.1180
  QMMM:    33       33      C       -1.1670   -0.4690   18.5630
  QMMM:    34       34      F       -0.9870    0.1800   17.3880
  QMMM:    35       35      F       -2.2980    0.0510   19.1430
  QMMM:    36       36      F       -0.1470   -0.0270   19.3390
  QMMM:    37       37      C       -1.6400   -3.9270   24.2580
  QMMM:    38       38      C        0.3200   -4.3240   25.6810
  QMMM:    39       39      N       -0.1920   -3.6560   24.4640
  QMMM:    40       40      H       -1.4500   -7.1240   11.6700
  QMMM:    41       41      H       -1.2650   -6.2410   13.9690
  QMMM:    42       42      H        1.2160   -3.0710   12.5380
  QMMM:    43       43      H       -1.4880   -4.8800   20.0450
  QMMM:    44       44      H       -1.0340   -1.3930   20.9330
  QMMM:    45       45      H       -2.6390   -2.1610   20.9580
  QMMM:    46       46      H        0.4630   -1.9930   22.5840
  QMMM:    47       47      H        0.9060   -3.1760   21.3290
  QMMM:    48       48      H        1.7080   -3.9410   23.5420
  QMMM:    49       49      H        0.4230   -5.0210   22.9480
  QMMM:    50       50      H       -3.0630   -3.5800   22.6940
  QMMM:    51       51      H       -2.2670   -2.1110   23.3090
  QMMM:    52       52      H        5.5350   -0.8190    5.4880
  QMMM:    53       53      H        7.3560   -2.1440    6.4670
  QMMM:    54       54      H        6.7560   -3.6710    8.3950
  QMMM:    55       55      H        0.9450   -1.2060    7.3810
  QMMM:    56       56      H        0.3610   -5.6300    8.7690
  QMMM:    57       57      H       -1.2670   -6.2570    9.1220
  QMMM:    58       58      H        0.1660   -7.2500    9.4810
  QMMM:    59       59      H       -1.3310   -5.2500   15.4060
  QMMM:    60       60      H       -1.0670   -5.8010   17.8130
  QMMM:    61       61      H       -0.8360   -1.8330   16.2780
  QMMM:    62       62      H       -1.7940   -4.9950   24.1010
  QMMM:    63       63      H       -2.2010   -3.6050   25.1350
  QMMM:    64       64      H        1.3810   -4.1030   25.7980
  QMMM:    65       65      H        0.1810   -5.4010   25.5900
  QMMM:    66       66      H       -0.2250   -3.9600   26.5520

--------------------------------------------------------------------------------
  RESULTS
--------------------------------------------------------------------------------

      iter         sqm energy              rms gradient
      ----    -------------------    -----------------------
xmin    10       40.0641 kcal/mol        0.6503 kcal/(mol*A)
xmin    20       39.4475 kcal/mol        0.5320 kcal/(mol*A)
xmin    30       39.0238 kcal/mol        0.1533 kcal/(mol*A)
xmin    40       38.8012 kcal/mol        0.1587 kcal/(mol*A)
xmin    50       38.7352 kcal/mol        0.0844 kcal/(mol*A)
xmin    60       38.6967 kcal/mol        0.1927 kcal/(mol*A)
xmin    70       38.6623 kcal/mol        0.2248 kcal/(mol*A)
xmin    80       38.6467 kcal/mol        0.0593 kcal/(mol*A)
xmin    90       38.6269 kcal/mol        0.0614 kcal/(mol*A)
xmin   100       38.5872 kcal/mol        0.0676 kcal/(mol*A)
xmin   110       38.5527 kcal/mol        0.0544 kcal/(mol*A)
xmin   120       38.5472 kcal/mol        0.0289 kcal/(mol*A)
xmin   130       38.5201 kcal/mol        0.0842 kcal/(mol*A)
xmin   140       38.5022 kcal/mol        0.1164 kcal/(mol*A)
xmin   150       38.4760 kcal/mol        0.1107 kcal/(mol*A)
xmin   160       38.4413 kcal/mol        0.1294 kcal/(mol*A)
xmin   170       38.4207 kcal/mol        0.1083 kcal/(mol*A)
xmin   180       38.3969 kcal/mol        0.2014 kcal/(mol*A)
xmin   190       38.3409 kcal/mol        0.1541 kcal/(mol*A)
xmin   200       38.2930 kcal/mol        0.0629 kcal/(mol*A)
xmin   210       38.2544 kcal/mol        0.0639 kcal/(mol*A)
xmin   220       38.1682 kcal/mol        0.2068 kcal/(mol*A)
xmin   230       38.1424 kcal/mol        0.0338 kcal/(mol*A)
xmin   240       38.1255 kcal/mol        0.0907 kcal/(mol*A)
xmin   250       38.1175 kcal/mol        0.0362 kcal/(mol*A)
xmin   260       38.1025 kcal/mol        0.0584 kcal/(mol*A)
xmin   270       38.0862 kcal/mol        0.0214 kcal/(mol*A)
xmin   280       38.0824 kcal/mol        0.0403 kcal/(mol*A)
xmin   290       38.0779 kcal/mol        0.0327 kcal/(mol*A)
xmin   300       38.0703 kcal/mol        0.0418 kcal/(mol*A)
xmin   310       38.0684 kcal/mol        0.0206 kcal/(mol*A)
xmin   320       38.0667 kcal/mol        0.0379 kcal/(mol*A)
xmin   330       38.0658 kcal/mol        0.0129 kcal/(mol*A)
xmin   340       38.0655 kcal/mol        0.0070 kcal/(mol*A)
xmin   350       38.0653 kcal/mol        0.0094 kcal/(mol*A)
xmin   360       38.0648 kcal/mol        0.0094 kcal/(mol*A)
xmin   370       38.0647 kcal/mol        0.0130 kcal/(mol*A)
xmin   380       38.0644 kcal/mol        0.0077 kcal/(mol*A)
xmin   390       38.0641 kcal/mol        0.0040 kcal/(mol*A)
xmin   400       38.0640 kcal/mol        0.0050 kcal/(mol*A)
xmin   410       38.0640 kcal/mol        0.0042 kcal/(mol*A)
xmin   420       38.0639 kcal/mol        0.0032 kcal/(mol*A)
xmin   430       38.0639 kcal/mol        0.0017 kcal/(mol*A)
xmin   440       38.0639 kcal/mol        0.0014 kcal/(mol*A)
xmin   450       38.0638 kcal/mol        0.0021 kcal/(mol*A)
xmin   460       38.0638 kcal/mol        0.0030 kcal/(mol*A)
xmin   470       38.0638 kcal/mol        0.0017 kcal/(mol*A)
xmin   480       38.0638 kcal/mol        0.0027 kcal/(mol*A)
xmin   490       38.0638 kcal/mol        0.0011 kcal/(mol*A)
xmin   500       38.0637 kcal/mol        0.0099 kcal/(mol*A)
xmin   510       38.0637 kcal/mol        0.0032 kcal/(mol*A)
xmin   520       38.0636 kcal/mol        0.0036 kcal/(mol*A)
xmin   530       38.0636 kcal/mol        0.0058 kcal/(mol*A)
xmin   540       38.0635 kcal/mol        0.0026 kcal/(mol*A)
xmin   550       38.0632 kcal/mol        0.0145 kcal/(mol*A)
xmin   560       38.0631 kcal/mol        0.0020 kcal/(mol*A)
xmin   570       38.0630 kcal/mol        0.0031 kcal/(mol*A)
xmin   580       38.0630 kcal/mol        0.0026 kcal/(mol*A)
xmin   590       38.0629 kcal/mol        0.0015 kcal/(mol*A)
xmin   600       38.0629 kcal/mol        0.0027 kcal/(mol*A)
xmin   610       38.0629 kcal/mol        0.0011 kcal/(mol*A)
xmin   620       38.0629 kcal/mol        0.0022 kcal/(mol*A)
xmin   630       38.0629 kcal/mol        0.0044 kcal/(mol*A)
xmin   640       38.0628 kcal/mol        0.0059 kcal/(mol*A)
xmin   650       38.0628 kcal/mol        0.0043 kcal/(mol*A)
xmin   660       38.0627 kcal/mol        0.0008 kcal/(mol*A)
xmin   670       38.0627 kcal/mol        0.0032 kcal/(mol*A)
xmin   680       38.0627 kcal/mol        0.0025 kcal/(mol*A)
xmin   690       38.0627 kcal/mol        0.0011 kcal/(mol*A)
xmin   700       38.0627 kcal/mol        0.0010 kcal/(mol*A)
xmin   710       38.0627 kcal/mol        0.0017 kcal/(mol*A)
xmin   720       38.0627 kcal/mol        0.0014 kcal/(mol*A)
xmin   730       38.0626 kcal/mol        0.0012 kcal/(mol*A)
  ... geometry converged !
 
 Final MO eigenvalues (eV):
 -51.7364  -48.3151  -48.3006  -42.3011  -41.1618  -40.4669  -39.8044  -38.8936
 -38.4036  -36.8584  -35.7627  -35.5647  -34.8325  -33.8770  -32.6098  -32.2308
 -31.8358  -31.5478  -31.4775  -29.5937  -29.3561  -28.3573  -26.9729  -26.1686
 -25.5820  -24.9746  -24.6825  -24.4752  -24.0969  -23.5492  -23.2053  -22.8942
 -22.2055  -21.4836  -20.1941  -20.0211  -19.6455  -19.1859  -19.1724  -18.8457
 -18.3704  -17.7206  -17.4340  -17.3550  -16.9803  -16.9468  -16.8604  -16.8023
 -16.7365  -16.4587  -16.1917  -15.9539  -15.7758  -15.7053  -15.4752  -15.3140
 -15.2196  -15.2185  -15.1338  -15.0612  -15.0404  -14.8318  -14.6555  -14.6158
 -14.4438  -14.3566  -14.1978  -14.1564  -14.1360  -14.0755  -13.6963  -13.5805
 -13.4930  -13.3776  -13.2931  -13.1964  -13.1913  -13.0332  -12.7999  -12.6915
 -12.6653  -12.4929  -12.4606  -12.2504  -12.0390  -12.0314  -11.9199  -11.8537
 -11.7128  -11.5219  -11.1592  -10.9427  -10.2462  -10.2141  -10.0812   -9.9774
  -9.4053   -9.1145   -9.0113   -8.6317   -0.9580   -0.7484   -0.4707   -0.1995
  -0.0579    0.1244    0.4948    1.0084    1.2493    1.4113    1.5411    1.8653
   1.9687    2.0929    2.3645    2.6460    2.6999    2.7173    2.8361    2.9262
   2.9368    3.0685    3.1284    3.2976    3.3934    3.4475    3.5022    3.5120
   3.5976    3.6591    3.6902    3.7202    3.7921    3.8292    3.8664    3.8730
   3.9202    3.9428    3.9727    3.9745    4.0378    4.0809    4.1429    4.1897
   4.1992    4.2479    4.2693    4.3128    4.3569    4.3898    4.3920    4.3959
   4.4595    4.4642    4.5060    4.6061    4.6196    4.6563    4.6726    4.7043
   4.7288    4.7686    4.8454    4.8785    4.8983    4.9433    4.9816    4.9895
   5.1150    5.1477    5.2000    5.2373    5.4642    5.6508    5.8413    5.9495
   6.0637    6.1668    6.1825    6.2415    6.3137    6.5198    6.6782

 Heat of formation   =         38.06262999 kcal/mol  (        1.65051949 eV)

 Total SCF energy    =    -163674.76939221 kcal/mol  (    -7097.47059504 eV)
 Electronic energy   =   -1311687.32470809 kcal/mol  (   -56879.03060180 eV)
 Core-core repulsion =    1148012.55531588 kcal/mol  (    49781.56000676 eV)
 
    Atomic Charges for Step       1 :
  Atom    Element       Mulliken Charge
     1      N                 -0.120
     2      N                 -0.258
     3      C                 -0.087
     4      C                  0.021
     5      C                 -0.016
     6      C                 -0.143
     7      C                 -0.094
     8      C                 -0.052
     9      C                  0.074
    10      C                 -0.094
    11      C                 -0.132
    12      C                 -0.041
    13      C                 -0.076
    14      C                 -0.068
    15      C                 -0.068
    16      C                 -0.043
    17      C                 -0.173
    18      C                 -0.108
    19      N                 -0.020
    20      N                 -0.044
    21      C                 -0.043
    22      C                 -0.098
    23      C                  0.002
    24      C                 -0.068
    25      C                 -0.138
    26      C                 -0.192
    27      C                  0.356
    28      O                 -0.334
    29      N                 -0.325
    30      C                 -0.163
    31      C                 -0.050
    32      C                 -0.118
    33      C                  0.465
    34      F                 -0.160
    35      F                 -0.171
    36      F                 -0.167
    37      C                 -0.068
    38      C                 -0.118
    39      N                 -0.258
    40      H                  0.141
    41      H                  0.139
    42      H                  0.163
    43      H                  0.161
    44      H                  0.079
    45      H                  0.110
    46      H                  0.072
    47      H                  0.095
    48      H                  0.092
    49      H                  0.059
    50      H                  0.090
    51      H                  0.069
    52      H                  0.171
    53      H                  0.158
    54      H                  0.181
    55      H                  0.194
    56      H                  0.103
    57      H                  0.100
    58      H                  0.084
    59      H                  0.235
    60      H                  0.135
    61      H                  0.191
    62      H                  0.060
    63      H                  0.091
    64      H                  0.085
    65      H                  0.045
    66      H                  0.084
 Total Mulliken Charge =      -0.000
 
                  X        Y        Z     TOTAL  
  QM DIPOLE     2.645   -7.876   -3.136    8.880
 
 Final Structure

  QMMM: QM Region Cartesian Coordinates (*=link atom) 
  QMMM: QM_NO.   MM_NO.  ATOM         X         Y         Z
  QMMM:     1        1      N        4.9967   -0.7027    8.0327
  QMMM:     2        2      N       -1.3951   -3.3523   22.0613
  QMMM:     3        3      C        1.8322   -3.5316   10.3788
  QMMM:     4        4      C        0.9024   -4.1681   11.2192
  QMMM:     5        5      C        0.3565   -5.4225   10.8729
  QMMM:     6        6      C       -0.5688   -6.0238   11.7335
  QMMM:     7        7      C       -0.9473   -5.4078   12.9229
  QMMM:     8        8      C        0.5133   -3.5438   12.4154
  QMMM:     9        9      C       -1.2121   -3.8269   16.9580
  QMMM:    10       10      C       -1.3165   -4.3542   19.3325
  QMMM:    11       11      C       -2.0725   -2.2083   18.5593
  QMMM:    12       12      C       -2.2169   -2.7238   21.0339
  QMMM:    13       13      C       -0.0312   -2.8398   22.0738
  QMMM:    14       14      C        0.8328   -3.4676   23.1832
  QMMM:    15       15      C       -2.0216   -3.2691   23.3746
  QMMM:    16       16      C        5.7132   -2.0403    5.9743
  QMMM:    17       17      C        5.5019   -3.2391    5.3520
  QMMM:    18       18      C        4.5838   -4.1797    5.9423
  QMMM:    19       19      N        3.9087   -3.9732    7.0689
  QMMM:    20       20      N        4.1069   -2.8132    7.6792
  QMMM:    21       21      C        5.0025   -1.7791    7.1943
  QMMM:    22       22      C        4.1201   -1.0152    9.0465
  QMMM:    23       23      C        3.5451   -2.3070    8.8737
  QMMM:    24       24      C        2.6265   -2.9716    9.6747
  QMMM:    25       25      C       -0.4000   -4.1682   13.2678
  QMMM:    26       26      C        0.7406   -6.0910    9.6090
  QMMM:    27       27      C       -0.7898   -3.4547   14.5200
  QMMM:    28       28      O       -0.9940   -2.2283   14.5310
  QMMM:    29       29      N       -0.8928   -4.2481   15.6587
  QMMM:    30       30      C       -0.9992   -4.7233   18.0337
  QMMM:    31       31      C       -1.8463   -3.0905   19.6243
  QMMM:    32       32      C       -1.7608   -2.5609   17.2449
  QMMM:    33       33      C       -2.6757   -0.8219   18.7902
  QMMM:    34       34      F       -3.0089   -0.1329   17.6499
  QMMM:    35       35      F       -3.8436   -0.8202   19.5170
  QMMM:    36       36      F       -1.8567    0.0495   19.4692
  QMMM:    37       37      C       -1.1584   -3.8969   24.4855
  QMMM:    38       38      C        1.0140   -4.0107   25.5262
  QMMM:    39       39      N        0.2082   -3.3965   24.4962
  QMMM:    40       40      H       -1.0054   -6.9975   11.4621
  QMMM:    41       41      H       -1.6916   -5.8944   13.5718
  QMMM:    42       42      H        0.9187   -2.5538   12.6820
  QMMM:    43       43      H       -1.1457   -5.0756   20.1487
  QMMM:    44       44      H       -2.1994   -1.5966   21.1399
  QMMM:    45       45      H       -3.2865   -3.0560   21.1890
  QMMM:    46       46      H       -0.0088   -1.7168   22.1906
  QMMM:    47       47      H        0.4352   -3.0950   21.0811
  QMMM:    48       48      H        1.7996   -2.8929   23.2319
  QMMM:    49       49      H        1.0771   -4.5318   22.8947
  QMMM:    50       50      H       -2.9920   -3.8383   23.3323
  QMMM:    51       51      H       -2.2562   -2.2016   23.6578
  QMMM:    52       52      H        6.3959   -1.2679    5.5918
  QMMM:    53       53      H        6.0088   -3.5095    4.4164
  QMMM:    54       54      H        4.3971   -5.1548    5.4573
  QMMM:    55       55      H        3.9187   -0.3224    9.8665
  QMMM:    56       56      H        1.8402   -5.9911    9.4271
  QMMM:    57       57      H        0.2035   -5.6138    8.7498
  QMMM:    58       58      H        0.4786   -7.1771    9.6293
  QMMM:    59       59      H       -0.6208   -5.2028   15.5712
  QMMM:    60       60      H       -0.5805   -5.7256   17.8514
  QMMM:    61       61      H       -1.9468   -1.8345   16.4319
  QMMM:    62       62      H       -1.1905   -5.0206   24.3764
  QMMM:    63       63      H       -1.6279   -3.6328   25.4742
  QMMM:    64       64      H        2.0219   -3.5193   25.5361
  QMMM:    65       65      H        1.1575   -5.1173   25.3815
  QMMM:    66       66      H        0.5199   -3.8427   26.5188

           --------- Calculation Completed ----------

